Arguments: 
  C:\Program Files\nodejs\node.exe C:\Program Files (x86)\Yarn\bin\yarn.js add tsyringe

PATH: 
  C:\Python27\;C:\Python27\Scripts;C:\Program Files (x86)\AMD APP\bin\x86_64;C:\Program Files (x86)\AMD APP\bin\x86;C:\Program Files (x86)\Windows Resource Kits\Tools\;C:\Windows\system32;C:\Windows;C:\Windows\System32\Wbem;C:\Windows\System32\WindowsPowerShell\v1.0\;C:\Program Files (x86)\ATI Technologies\ATI.ACE\Core-Static;C:\Program Files\WIDCOMM\Bluetooth Software\;C:\Program Files\WIDCOMM\Bluetooth Software\syswow64;C:\Program Files (x86)\QuickTime\QTSystem\;C:\Windows\System32\WindowsPowerShell\v1.0\;C:\ProgramData\chocolatey\bin;C:\Program Files\nodejs\;C:\Program Files (x86)\Yarn\bin\;C:\Program Files\Java\jdk1.8.0_211\bin;C:\Users\Henrique\AppData\Local\Programs\Python\Python38-32\Scripts\;C:\Users\Henrique\AppData\Local\Programs\Python\Python38-32\;C:\Users\Henrique\AppData\Local\Programs\Microsoft VS Code\bin;C:\Users\Henrique\AppData\Local\hyper\app-3.0.2\resources\bin;C:\Users\Henrique\AppData\Roaming\npm;C:\Users\Henrique\AppData\Local\Yarn\bin;C:\adb;C:\Android\sdk\platform-tools;C:\Android\sdk\tools;C:\Android\sdk\tools\bin;C:\Program Files\Git\cmd;C:\Program Files\Redis\;C:\Users\Henrique\AppData\Local\Programs\Python\Python38-32\Scripts\;C:\Users\Henrique\AppData\Local\Programs\Python\Python38-32\;C:\Users\Henrique\AppData\Local\Programs\Microsoft VS Code\bin;C:\Users\Henrique\AppData\Local\hyper\app-3.0.2\resources\bin;C:\Users\Henrique\AppData\Roaming\npm;C:\Users\Henrique\AppData\Local\Yarn\bin;C:\Android\sdk\platform-tools;C:\Android\sdk\tools;C:\Android\sdk\tools\bin;;C:\Program Files\Docker Toolbox

Yarn version: 
  1.22.4

Node version: 
  12.18.2

Platform: 
  win32 x64

Trace: 
  Error: EBUSY: resource busy or locked, unlink 'C:\Users\Henrique\Desktop\Repositorios\Ignite-NodeJS\rentalx\node_modules\.bin\ts-node-dev'

npm manifest: 
  {
    "name": "rentalx",
    "version": "1.0.0",
    "main": "index.js",
    "license": "MIT",
    "scripts": {
      "dev": "ts-node-dev --inspect --transpile-only --ignore-watch node_modules --respawn src/server.ts",
      "typeorm": "ts-node-dev ./node_modules/typeorm/cli"
    },
    "dependencies": {
      "csv-parse": "^4.15.3",
      "express": "^4.17.1",
      "multer": "^1.4.2",
      "pg": "^8.6.0",
      "reflect-metadata": "^0.1.13",
      "swagger-ui-express": "^4.1.6",
      "typeorm": "^0.2.32",
      "uuid": "^8.3.2"
    },
    "devDependencies": {
      "@types/express": "^4.17.11",
      "@types/multer": "^1.4.5",
      "@types/swagger-ui-express": "^4.1.2",
      "@types/uuid": "^8.3.0",
      "@typescript-eslint/eslint-plugin": "^4.20.0",
      "@typescript-eslint/parser": "^4.20.0",
      "eslint": "^7.23.0",
      "eslint-config-airbnb-base": "^14.2.1",
      "eslint-config-prettier": "^8.1.0",
      "eslint-import-resolver-typescript": "^2.4.0",
      "eslint-plugin-import": "2.22.1",
      "eslint-plugin-import-helpers": "^1.1.0",
      "eslint-plugin-prettier": "^3.3.1",
      "prettier": "^2.2.1",
      "ts-node-dev": "^1.1.6",
      "typescript": "^4.2.3"
    }
  }

yarn manifest: 
  No manifest

Lockfile: 
  No lockfile
